0 info it worked if it ends with ok
1 verbose cli [ 'D:\\node.js\\node.exe',
1 verbose cli   'D:\\node.js\\node_cache\\node_modules\\npm\\bin\\npm-cli.js',
1 verbose cli   'install',
1 verbose cli   '-g',
1 verbose cli   'npm-install-peers' ]
2 info using npm@6.10.1
3 info using node@v10.16.0
4 verbose npm-session 13b373f4a2757593
5 silly install loadCurrentTree
6 silly install readGlobalPackageData
7 http fetch GET 200 https://registry.npmjs.org/npm-install-peers 2160ms
8 http fetch GET 200 https://registry.npmjs.org/npm-install-peers/-/npm-install-peers-1.2.1.tgz 799ms
9 silly pacote tag manifest for npm-install-peers@latest fetched in 2973ms
10 timing stage:loadCurrentTree Completed in 2988ms
11 silly install loadIdealTree
12 silly install cloneCurrentTreeToIdealTree
13 timing stage:loadIdealTree:cloneCurrentTree Completed in 0ms
14 silly install loadShrinkwrap
15 timing stage:loadIdealTree:loadShrinkwrap Completed in 1ms
16 silly install loadAllDepsIntoIdealTree
17 silly resolveWithNewModule npm-install-peers@1.2.1 checking installable status
18 http fetch GET 304 https://registry.npmjs.org/chalk 1497ms (from cache)
19 silly pacote range manifest for chalk@^1.1.3 fetched in 1500ms
20 silly resolveWithNewModule chalk@1.1.3 checking installable status
21 http fetch GET 200 https://registry.npmjs.org/npm 17400ms
22 silly pacote range manifest for npm@* fetched in 17418ms
23 silly resolveWithNewModule npm@6.10.1 checking installable status
24 silly tarball trying https://registry.npmjs.org/npm/-/npm-6.10.1.tgz by hash: sha512-ejR83c5aPTip5hPhziypqkJu06vb5tDIugCXx1c5+04RbMjtZeMA6BfsuGnV9EBdEwzKoaHkQ9sJWQAq+LjHYw==
25 silly tarball no local data for https://registry.npmjs.org/npm/-/npm-6.10.1.tgz. Extracting by manifest.
26 verbose stack Error: kill ENOSYS
26 verbose stack     at process.kill (internal/process/per_thread.js:198:13)
26 verbose stack     at process.listener (D:\node.js\node_cache\node_modules\npm\node_modules\signal-exit\index.js:95:15)
26 verbose stack     at process.emit (events.js:198:13)
27 verbose cwd D:\新建文件夹\my-project
28 verbose Windows_NT 10.0.16299
29 verbose argv "D:\\node.js\\node.exe" "D:\\node.js\\node_cache\\node_modules\\npm\\bin\\npm-cli.js" "install" "-g" "npm-install-peers"
30 verbose node v10.16.0
31 verbose npm  v6.10.1
32 error code ENOSYS
33 error errno ENOSYS
34 error syscall kill
35 error kill ENOSYS
36 verbose exit [ 1, true ]
